<?xml version="1.0" encoding="utf-8"?><testsuites><testsuite name="pytest" errors="0" failures="0" skipped="0" tests="4" time="94.772" timestamp="2023-10-22T23:42:37.507011" hostname="LAPTOP-H2EDFHR9"><testcase classname="tests.model.test_model.TestModel" name="test_model_fit" time="24.134" /><testcase classname="tests.model.test_model.TestModel" name="test_model_predict" time="22.892" /><testcase classname="tests.model.test_model.TestModel" name="test_model_preprocess_for_serving" time="22.835" /><testcase classname="tests.model.test_model.TestModel" name="test_model_preprocess_for_training" time="22.788" /></testsuite></testsuites>