<?xml version="1.0" encoding="utf-8"?><testsuites><testsuite name="pytest" errors="0" failures="0" skipped="0" tests="0" time="0.030" timestamp="2023-10-23T13:12:49.700297" hostname="LAPTOP-H2EDFHR9" /></testsuites>